{"C:\\Users\\pavan\\namasthe-react\\src\\components\\Body.js": {"path":"C:\\Users\\pavan\\namasthe-react\\src\\components\\Body.js","statementMap":{"0":{"start":{"line":8,"column":13},"end":{"line":89,"column":1}},"1":{"start":{"line":10,"column":50},"end":{"line":10,"column":62}},"2":{"start":{"line":11,"column":40},"end":{"line":11,"column":52}},"3":{"start":{"line":12,"column":42},"end":{"line":12,"column":54}},"4":{"start":{"line":14,"column":34},"end":{"line":14,"column":57}},"5":{"start":{"line":17,"column":4},"end":{"line":19,"column":11}},"6":{"start":{"line":18,"column":8},"end":{"line":18,"column":19}},"7":{"start":{"line":21,"column":22},"end":{"line":28,"column":5}},"8":{"start":{"line":22,"column":21},"end":{"line":22,"column":49}},"9":{"start":{"line":23,"column":24},"end":{"line":23,"column":41}},"10":{"start":{"line":25,"column":8},"end":{"line":25,"column":100}},"11":{"start":{"line":26,"column":8},"end":{"line":26,"column":38}},"12":{"start":{"line":27,"column":8},"end":{"line":27,"column":34}},"13":{"start":{"line":32,"column":25},"end":{"line":34,"column":43}},"14":{"start":{"line":33,"column":12},"end":{"line":34,"column":42}},"15":{"start":{"line":35,"column":8},"end":{"line":35,"column":39}},"16":{"start":{"line":37,"column":4},"end":{"line":88,"column":6}},"17":{"start":{"line":49,"column":32},"end":{"line":49,"column":61}},"18":{"start":{"line":54,"column":43},"end":{"line":54,"column":55}},"19":{"start":{"line":60,"column":53},"end":{"line":62,"column":33}},"20":{"start":{"line":61,"column":45},"end":{"line":61,"column":73}},"21":{"start":{"line":63,"column":32},"end":{"line":63,"column":64}},"22":{"start":{"line":73,"column":24},"end":{"line":83,"column":31}}},"fnMap":{"0":{"name":"(anonymous_0)","decl":{"start":{"line":8,"column":13},"end":{"line":8,"column":14}},"loc":{"start":{"line":8,"column":19},"end":{"line":89,"column":1}},"line":8},"1":{"name":"(anonymous_1)","decl":{"start":{"line":17,"column":14},"end":{"line":17,"column":15}},"loc":{"start":{"line":17,"column":20},"end":{"line":19,"column":5}},"line":17},"2":{"name":"(anonymous_2)","decl":{"start":{"line":21,"column":22},"end":{"line":21,"column":23}},"loc":{"start":{"line":21,"column":34},"end":{"line":28,"column":5}},"line":21},"3":{"name":"searchdata","decl":{"start":{"line":31,"column":13},"end":{"line":31,"column":23}},"loc":{"start":{"line":31,"column":26},"end":{"line":36,"column":5}},"line":31},"4":{"name":"(anonymous_4)","decl":{"start":{"line":32,"column":44},"end":{"line":32,"column":45}},"loc":{"start":{"line":33,"column":12},"end":{"line":34,"column":42}},"line":33},"5":{"name":"(anonymous_5)","decl":{"start":{"line":48,"column":38},"end":{"line":48,"column":39}},"loc":{"start":{"line":48,"column":45},"end":{"line":50,"column":29}},"line":48},"6":{"name":"(anonymous_6)","decl":{"start":{"line":54,"column":37},"end":{"line":54,"column":38}},"loc":{"start":{"line":54,"column":43},"end":{"line":54,"column":55}},"line":54},"7":{"name":"(anonymous_7)","decl":{"start":{"line":59,"column":37},"end":{"line":59,"column":38}},"loc":{"start":{"line":59,"column":43},"end":{"line":64,"column":29}},"line":59},"8":{"name":"(anonymous_8)","decl":{"start":{"line":61,"column":36},"end":{"line":61,"column":37}},"loc":{"start":{"line":61,"column":45},"end":{"line":61,"column":73}},"line":61},"9":{"name":"(anonymous_9)","decl":{"start":{"line":71,"column":41},"end":{"line":71,"column":42}},"loc":{"start":{"line":73,"column":24},"end":{"line":83,"column":31}},"line":73}},"branchMap":{"0":{"loc":{"start":{"line":38,"column":7},"end":{"line":87,"column":9}},"type":"cond-expr","locations":[{"start":{"line":39,"column":12},"end":{"line":39,"column":23}},{"start":{"line":40,"column":13},"end":{"line":86,"column":14}}],"line":38},"1":{"loc":{"start":{"line":77,"column":29},"end":{"line":81,"column":29}},"type":"cond-expr","locations":[{"start":{"line":78,"column":32},"end":{"line":78,"column":77}},{"start":{"line":80,"column":32},"end":{"line":80,"column":59}}],"line":77}},"s":{"0":1,"1":2,"2":2,"3":2,"4":2,"5":2,"6":1,"7":2,"8":1,"9":1,"10":1,"11":1,"12":1,"13":0,"14":0,"15":0,"16":2,"17":0,"18":0,"19":0,"20":0,"21":0,"22":20},"f":{"0":2,"1":1,"2":1,"3":0,"4":0,"5":0,"6":0,"7":0,"8":0,"9":20},"b":{"0":[1,1],"1":[0,20]},"_coverageSchema":"1a1c01bbd47fc00a2c39e90264f33305004495a9","hash":"dc0ad8dfa922ec4f195447018cca021aec4e3ec2"}
,"C:\\Users\\pavan\\namasthe-react\\src\\components\\Card.js": {"path":"C:\\Users\\pavan\\namasthe-react\\src\\components\\Card.js","statementMap":{"0":{"start":{"line":3,"column":13},"end":{"line":24,"column":1}},"1":{"start":{"line":4,"column":89},"end":{"line":4,"column":105}},"2":{"start":{"line":7,"column":2},"end":{"line":23,"column":4}},"3":{"start":{"line":25,"column":33},"end":{"line":35,"column":1}},"4":{"start":{"line":26,"column":2},"end":{"line":33,"column":4}},"5":{"start":{"line":27,"column":4},"end":{"line":32,"column":6}}},"fnMap":{"0":{"name":"(anonymous_0)","decl":{"start":{"line":3,"column":13},"end":{"line":3,"column":14}},"loc":{"start":{"line":3,"column":24},"end":{"line":24,"column":1}},"line":3},"1":{"name":"(anonymous_1)","decl":{"start":{"line":25,"column":33},"end":{"line":25,"column":34}},"loc":{"start":{"line":25,"column":53},"end":{"line":35,"column":1}},"line":25},"2":{"name":"(anonymous_2)","decl":{"start":{"line":26,"column":9},"end":{"line":26,"column":10}},"loc":{"start":{"line":26,"column":20},"end":{"line":33,"column":3}},"line":26}},"branchMap":{},"s":{"0":2,"1":20,"2":20,"3":2,"4":2,"5":0},"f":{"0":20,"1":2,"2":0},"b":{},"_coverageSchema":"1a1c01bbd47fc00a2c39e90264f33305004495a9","hash":"79b1a4cf3b941e8cddd79fa2651d53ba8adb77e8"}
,"C:\\Users\\pavan\\namasthe-react\\src\\components\\Header.js": {"path":"C:\\Users\\pavan\\namasthe-react\\src\\components\\Header.js","statementMap":{"0":{"start":{"line":4,"column":15},"end":{"line":40,"column":1}},"1":{"start":{"line":7,"column":22},"end":{"line":7,"column":62}},"2":{"start":{"line":7,"column":45},"end":{"line":7,"column":61}},"3":{"start":{"line":10,"column":4},"end":{"line":39,"column":5}}},"fnMap":{"0":{"name":"(anonymous_0)","decl":{"start":{"line":4,"column":15},"end":{"line":4,"column":16}},"loc":{"start":{"line":4,"column":21},"end":{"line":40,"column":1}},"line":4},"1":{"name":"(anonymous_1)","decl":{"start":{"line":7,"column":34},"end":{"line":7,"column":35}},"loc":{"start":{"line":7,"column":45},"end":{"line":7,"column":61}},"line":7}},"branchMap":{},"s":{"0":1,"1":2,"2":4,"3":2},"f":{"0":2,"1":4},"b":{},"_coverageSchema":"1a1c01bbd47fc00a2c39e90264f33305004495a9","hash":"c449a3f4bd357e8e50e2e12a73cb51bd1df6d2e7"}
,"C:\\Users\\pavan\\namasthe-react\\src\\components\\Shimmer.js": {"path":"C:\\Users\\pavan\\namasthe-react\\src\\components\\Shimmer.js","statementMap":{"0":{"start":{"line":1,"column":14},"end":{"line":17,"column":1}},"1":{"start":{"line":2,"column":4},"end":{"line":16,"column":5}}},"fnMap":{"0":{"name":"(anonymous_0)","decl":{"start":{"line":1,"column":14},"end":{"line":1,"column":15}},"loc":{"start":{"line":1,"column":18},"end":{"line":17,"column":1}},"line":1}},"branchMap":{},"s":{"0":1,"1":1},"f":{"0":1},"b":{},"_coverageSchema":"1a1c01bbd47fc00a2c39e90264f33305004495a9","hash":"134fe89f0f18c8a193280af54f124adce058af4c"}
,"C:\\Users\\pavan\\namasthe-react\\src\\components\\contact.js": {"path":"C:\\Users\\pavan\\namasthe-react\\src\\components\\contact.js","statementMap":{"0":{"start":{"line":1,"column":16},"end":{"line":15,"column":1}},"1":{"start":{"line":2,"column":4},"end":{"line":14,"column":5}}},"fnMap":{"0":{"name":"(anonymous_0)","decl":{"start":{"line":1,"column":16},"end":{"line":1,"column":17}},"loc":{"start":{"line":1,"column":22},"end":{"line":15,"column":1}},"line":1}},"branchMap":{},"s":{"0":1,"1":2},"f":{"0":2},"b":{},"_coverageSchema":"1a1c01bbd47fc00a2c39e90264f33305004495a9","hash":"b575940cf82f51742425d64fb8510dec7b81dc31"}
,"C:\\Users\\pavan\\namasthe-react\\src\\components\\sum.js": {"path":"C:\\Users\\pavan\\namasthe-react\\src\\components\\sum.js","statementMap":{"0":{"start":{"line":1,"column":19},"end":{"line":3,"column":1}},"1":{"start":{"line":2,"column":4},"end":{"line":2,"column":16}}},"fnMap":{"0":{"name":"(anonymous_0)","decl":{"start":{"line":1,"column":19},"end":{"line":1,"column":20}},"loc":{"start":{"line":1,"column":29},"end":{"line":3,"column":1}},"line":1}},"branchMap":{},"s":{"0":1,"1":1},"f":{"0":1},"b":{},"_coverageSchema":"1a1c01bbd47fc00a2c39e90264f33305004495a9","hash":"88dd811d567b4bdb013ef823cb27c571cf1d6930"}
,"C:\\Users\\pavan\\namasthe-react\\src\\utils\\appStore.js": {"path":"C:\\Users\\pavan\\namasthe-react\\src\\utils\\appStore.js","statementMap":{"0":{"start":{"line":4,"column":17},"end":{"line":9,"column":2}}},"fnMap":{},"branchMap":{},"s":{"0":1},"f":{},"b":{},"_coverageSchema":"1a1c01bbd47fc00a2c39e90264f33305004495a9","hash":"ee27a8a24abeac647a9adfc82de886d474f858a2"}
,"C:\\Users\\pavan\\namasthe-react\\src\\utils\\cartSlice.js": {"path":"C:\\Users\\pavan\\namasthe-react\\src\\utils\\cartSlice.js","statementMap":{"0":{"start":{"line":3,"column":18},"end":{"line":20,"column":2}},"1":{"start":{"line":10,"column":12},"end":{"line":10,"column":45}},"2":{"start":{"line":13,"column":12},"end":{"line":13,"column":30}},"3":{"start":{"line":16,"column":12},"end":{"line":16,"column":35}},"4":{"start":{"line":21,"column":47},"end":{"line":21,"column":64}}},"fnMap":{"0":{"name":"(anonymous_0)","decl":{"start":{"line":9,"column":17},"end":{"line":9,"column":18}},"loc":{"start":{"line":9,"column":37},"end":{"line":11,"column":9}},"line":9},"1":{"name":"(anonymous_1)","decl":{"start":{"line":12,"column":20},"end":{"line":12,"column":21}},"loc":{"start":{"line":12,"column":31},"end":{"line":14,"column":9}},"line":12},"2":{"name":"(anonymous_2)","decl":{"start":{"line":15,"column":19},"end":{"line":15,"column":20}},"loc":{"start":{"line":15,"column":30},"end":{"line":17,"column":9}},"line":15}},"branchMap":{},"s":{"0":1,"1":0,"2":0,"3":0,"4":1},"f":{"0":0,"1":0,"2":0},"b":{},"_coverageSchema":"1a1c01bbd47fc00a2c39e90264f33305004495a9","hash":"e41ed771cac58ca9bf39d4f376f3f7b413f74661"}
,"C:\\Users\\pavan\\namasthe-react\\src\\utils\\constants.js": {"path":"C:\\Users\\pavan\\namasthe-react\\src\\utils\\constants.js","statementMap":{"0":{"start":{"line":1,"column":23},"end":{"line":1,"column":114}},"1":{"start":{"line":4,"column":24},"end":{"line":4,"column":125}},"2":{"start":{"line":7,"column":28},"end":{"line":7,"column":167}},"3":{"start":{"line":9,"column":24},"end":{"line":9,"column":147}}},"fnMap":{},"branchMap":{},"s":{"0":3,"1":3,"2":3,"3":3},"f":{},"b":{},"_coverageSchema":"1a1c01bbd47fc00a2c39e90264f33305004495a9","hash":"2d9bdc5e104900642a822c4240fc88ea4bde34bf"}
}
